error paint_template_error | 27.10.2015 02:43:16  |  User:   | services | response 200
error paint_template_error | 27.10.2015 02:51:03  |  User:   | services | response 200
error paint_template_error | 27.10.2015 02:51:25  |  User:   | services | response 200
error paint_template_error | 27.10.2015 02:51:29  |  User:   | services | response 200
error paint_template_error | 27.10.2015 02:51:41  |  User:   | services | response 200
error paint_template_error | 27.10.2015 02:52:08  |  User:   | services | response 200
error paint_template_error | 27.10.2015 02:52:15  |  User:   | services | response 200
error loadView general | 27.10.2015 02:52:38  |  User:   | services | response 503
error loadView general | 27.10.2015 02:52:59  |  User:   | services | response 400
error paint_template_error | 27.10.2015 02:54:09  |  User:   | services | response 200
error paint_template_error | 22.11.2015 08:53:36  |  User:   | products | response200
error loadView general | 22.11.2015 08:55:36  |  User:   | products | response 200
error loadView general | 23.11.2015 11:53:26  |  User:   | products | response 200
error loadView general | 23.11.2015 11:56:43  |  User:   | products | response 200
error loadView general | 23.11.2015 11:56:47  |  User:   | products | response 200
error loadView general | 23.11.2015 11:59:53  |  User:   | products | response 200
error loadView general | 23.11.2015 12:01:05  |  User:   | products | response 200
error loadView general | 23.11.2015 12:01:38  |  User:   | products | response 200
error loadView general | 23.11.2015 12:01:44  |  User:   | products | response 200
error loadView general | 23.11.2015 12:02:10  |  User:   | products | response 200
error loadView general | 23.11.2015 12:04:41  |  User:   | products | response 200
error loadView general | 23.11.2015 12:06:39  |  User:   | products | response 200
error loadView general | 23.11.2015 12:18:56  |  User:   | products | response 200
error loadView general | 23.11.2015 12:19:38  |  User:   | products | response 200
error loadView general | 23.11.2015 12:19:40  |  User:   | products | response 200
error loadView general | 23.11.2015 12:19:44  |  User:   | products | response 200
error loadView general | 23.11.2015 12:20:29  |  User:   | products | response 200
error loadView general | 23.11.2015 12:21:52  |  User:   | products | response 200
error loadView general | 23.11.2015 12:22:23  |  User:   | products | response 200
error loadView general | 23.11.2015 12:22:34  |  User:   | products | response 200
error loadView general | 23.11.2015 12:23:05  |  User:   | products | response 200
error loadView general | 23.11.2015 12:23:48  |  User:   | products | response 200
error loadView general | 23.11.2015 12:25:12  |  User:   | products | response 200
error paint_template_error | 23.11.2015 12:27:03  |  User:   | products | response200
error loadView general | 23.11.2015 12:27:53  |  User:   | products | response 200
error loadView general | 23.11.2015 12:28:45  |  User:   | products | response 200
error loadView general | 23.11.2015 12:29:38  |  User:   | products | response 200
error loadView general | 23.11.2015 01:05:29  |  User:   | products | response 200
error loadView general | 23.11.2015 01:10:55  |  User:   | products | response 200
error loadView general | 23.11.2015 01:16:11  |  User:   | products | response 200
error loadView general | 23.11.2015 01:17:13  |  User:   | products | response 200
error loadView general | 23.11.2015 01:17:43  |  User:   | products | response 200
error loadView general | 23.11.2015 01:19:14  |  User:   | products | response 200
error loadView general | 23.11.2015 01:19:48  |  User:   | products | response 200
error loadView general | 23.11.2015 01:23:51  |  User:   | products | response 200
error loadView general | 23.11.2015 01:23:54  |  User:   | products | response 200
error loadView general | 23.11.2015 01:24:25  |  User:   | products | response 503
error loadView general | 23.11.2015 01:26:14  |  User:   | products | response 503
error loadView general | 23.11.2015 01:26:17  |  User:   | products | response 503
error loadView general | 23.11.2015 01:26:27  |  User:   | products | response 503
error loadView general | 23.11.2015 01:26:52  |  User:   | products | response 503
error loadView general | 23.11.2015 01:27:59  |  User:   | products | response 503
error loadView general | 23.11.2015 01:28:57  |  User:   | products | response 400
error loadView general | 23.11.2015 02:24:19  |  User:   | products | response 400
error loadView general | 23.11.2015 02:24:46  |  User:   | products | response 400
error loadView general | 23.11.2015 02:25:17  |  User:   | products | response 400
error loadView general | 23.11.2015 02:25:27  |  User:   | products | response 400
error loadView general | 23.11.2015 02:26:46  |  User:   | products | response 400
error loadView general | 23.11.2015 07:35:24  |  User:   | products | response 400
error loadView general | 23.11.2015 07:38:43  |  User:   | products | response 400
error loadView general | 24.11.2015 12:25:13  |  User:   | products | response 400
error loadView general | 24.11.2015 12:25:25  |  User:   | products | response 400
error loadView general | 24.11.2015 12:26:08  |  User:   | products | response 400
error loadView general | 24.11.2015 12:26:25  |  User:   | products | response 400
error loadView general | 24.11.2015 12:27:21  |  User:   | products | response 400
error loadView general | 24.11.2015 12:28:37  |  User:   | products | response 400
error loadView general | 24.11.2015 12:32:30  |  User:   | products | response 400
error loadView general | 24.11.2015 12:34:32  |  User:   | products | response 400
error loadView general | 24.11.2015 12:42:50  |  User:   | products | response 400
error loadView general | 24.11.2015 12:43:29  |  User:   | products | response 400
error loadView general | 24.11.2015 08:22:20  |  User:   | products | response 400
error loadView general | 24.11.2015 08:26:21  |  User:   | products | response 400
error loadView general | 24.11.2015 08:28:00  |  User:   | products | response 400
error loadView general | 24.11.2015 08:33:36  |  User:   | products | response 400
error loadView general | 24.11.2015 08:34:08  |  User:   | products | response 400
error loadView general | 24.11.2015 08:40:52  |  User:   | products | response 400
error loadView general | 24.11.2015 08:42:40  |  User:   | products | response 503
error loadView general | 24.11.2015 08:42:40  |  User:   | products | response 400
error loadView general | 24.11.2015 08:43:28  |  User:   | products | response 503
error loadView general | 24.11.2015 08:43:34  |  User:   | products | response 503
error loadView general | 24.11.2015 08:43:51  |  User:   | products | response 503
error loadView general | 24.11.2015 08:44:23  |  User:   | products | response 503
error loadView general | 24.11.2015 08:44:23  |  User:   | products | response 400
error loadView general | 24.11.2015 08:45:15  |  User:   | products | response 503
error loadView general | 24.11.2015 08:45:15  |  User:   | products | response 400
error loadView general | 24.11.2015 08:48:38  |  User:   | products | response 503
error loadView general | 24.11.2015 08:48:38  |  User:   | products | response 400
error loadView general | 24.11.2015 08:50:21  |  User:   | products | response 503
error loadView general | 24.11.2015 08:50:21  |  User:   | products | response 400
error loadView general | 24.11.2015 08:52:28  |  User:   | products | response 503
error loadView general | 24.11.2015 08:52:28  |  User:   | products | response 400
error loadView general | 24.11.2015 08:54:33  |  User:   | products | response 503
error loadView general | 24.11.2015 08:54:33  |  User:   | products | response 400
error loadView general | 24.11.2015 08:55:56  |  User:   | products | response 503
error loadView general | 24.11.2015 08:55:56  |  User:   | products | response 400
error loadView general | 24.11.2015 09:03:48  |  User:   | products | response 200
error loadView general | 24.11.2015 09:03:48  |  User:   | products | response 200
error loadView general | 24.11.2015 09:09:02  |  User:   | products | response 503
error loadView general | 24.11.2015 09:09:02  |  User:   | products | response 400
error loadView general | 24.11.2015 09:16:58  |  User:   | products | response 503
error loadView general | 24.11.2015 09:16:58  |  User:   | products | response 400
error loadView general | 24.11.2015 09:17:09  |  User:   | products | response 503
error loadView general | 24.11.2015 09:17:09  |  User:   | products | response 400
error loadView general | 24.11.2015 09:23:20  |  User:   | products | response 503
error loadView general | 24.11.2015 09:23:20  |  User:   | products | response 400
error paint_template_error | 24.11.2015 09:48:08  |  User:   | products | response200
error paint_template_error | 24.11.2015 09:48:18  |  User:   | products | response200
error paint_template_error | 25.11.2015 11:57:15  |  User:   | products | response200
error paint_template_error | 25.11.2015 11:58:01  |  User:   | products | response200
error paint_template_error | 25.11.2015 12:00:21  |  User:   | products | response200
error paint_template_error | 25.11.2015 12:01:20  |  User:   | products | response200
error loadView general | 25.11.2015 12:34:51  |  User:   | products | response 400
error paint_template_error | 25.11.2015 12:35:09  |  User:   | products | response200
error loadView general | 25.11.2015 05:50:04  |  User:   | products | response 503
error loadView general | 25.11.2015 05:50:19  |  User:   | products | response 503
error paint_template_error | 25.11.2015 05:59:01  |  User:   | products | response200
error paint_template_error | 25.11.2015 05:59:31  |  User:   | products | response200
error loadView general | 25.11.2015 05:59:51  |  User:   | products | response 404
error loadView general | 25.11.2015 06:00:05  |  User:   | products | response 503
error loadView general | 25.11.2015 06:00:05  |  User:   | products | response 404
ERROR - 404 NO DATA | 25.11.2015 06:00:31  |  User:   |  | response 200
error paint_template_error | 25.11.2015 06:00:31  |  User:   | products | response200
ERROR - 404 NO DATA | 25.11.2015 06:00:42  |  User:   |  | response 200
error paint_template_error | 25.11.2015 06:00:42  |  User:   | products | response200
ERROR - 404 NO DATA | 25.11.2015 06:00:43  |  User:   |  | response 200
error paint_template_error | 25.11.2015 06:00:43  |  User:   | products | response200
ERROR - 503 BD | 25.11.2015 06:01:25  |  User:   |  | response 200
error paint_template_error | 25.11.2015 06:01:25  |  User:   | products | response200
ERROR - 404 NO DATA | 25.11.2015 06:01:51  |  User:   |  | response 200
error paint_template_error | 25.11.2015 06:01:52  |  User:   | products | response200
ERROR - 404 NO DATA | 25.11.2015 06:42:25  |  User:   |  | response 200
error paint_template_error | 25.11.2015 06:42:25  |  User:   | products | response200
ERROR - 404 NO DATA | 25.11.2015 06:43:08  |  User:   |  | response 200
error paint_template_error | 25.11.2015 06:43:08  |  User:   | products | response200
ERROR - 404 NO DATA | 25.11.2015 06:43:26  |  User:   |  | response 200
error paint_template_error | 25.11.2015 06:43:26  |  User:   | products | response200
ERROR - 404 NO DATA | 25.11.2015 06:43:42  |  User:   |  | response 200
error paint_template_error | 25.11.2015 06:43:42  |  User:   | products | response200
ERROR - 404 NO DATA | 25.11.2015 06:43:55  |  User:   |  | response 200
error paint_template_error | 25.11.2015 06:43:55  |  User:   | products | response200
ERROR - 404 NO DATA | 25.11.2015 06:45:04  |  User:   |  | response 200
error paint_template_error | 25.11.2015 06:45:04  |  User:   | products | response200
ERROR - 404 NO DATA | 25.11.2015 06:46:46  |  User:   |  | response 200
error paint_template_error | 25.11.2015 06:46:47  |  User:   | products | response200
ERROR - 404 NO DATA | 25.11.2015 06:46:55  |  User:   |  | response 200
error paint_template_error | 25.11.2015 06:46:55  |  User:   | products | response200
ERROR - 404 NO DATA | 25.11.2015 06:46:56  |  User:   |  | response 200
error paint_template_error | 25.11.2015 06:46:56  |  User:   | products | response200
ERROR - 404 NO DATA | 25.11.2015 06:47:03  |  User:   |  | response 200
error paint_template_error | 25.11.2015 06:47:03  |  User:   | products | response200
ERROR - 404 NO DATA | 25.11.2015 06:47:06  |  User:   |  | response 200
error paint_template_error | 25.11.2015 06:47:06  |  User:   | products | response200
ERROR - 404 NO DATA | 25.11.2015 06:47:16  |  User:   |  | response 200
error paint_template_error | 25.11.2015 06:47:16  |  User:   | products | response200
ERROR - 404 NO DATA | 25.11.2015 06:48:28  |  User:   |  | response 200
error paint_template_error | 25.11.2015 06:48:28  |  User:   | products | response200
ERROR - 404 NO DATA | 25.11.2015 06:49:19  |  User:   |  | response 200
error paint_template_error | 25.11.2015 06:49:20  |  User:   | products | response200
ERROR - 404 NO DATA | 25.11.2015 06:50:11  |  User:   |  | response 200
ERROR - 404 NO DATA | 25.11.2015 06:50:23  |  User:   |  | response 200
ERROR - 404 NO DATA | 25.11.2015 06:50:38  |  User:   |  | response 200
ERROR - 404 NO DATA | 25.11.2015 06:50:42  |  User:   |  | response 200
ERROR - 404 NO DATA | 25.11.2015 06:50:45  |  User:   |  | response 200
ERROR - 404 NO DATA | 25.11.2015 06:50:51  |  User:   |  | response 200
error paint_template_error | 25.11.2015 06:50:51  |  User:   | products | response200
ERROR - 404 NO DATA | 25.11.2015 06:51:06  |  User:   |  | response 200
ERROR - 404 NO DATA | 25.11.2015 06:51:10  |  User:   |  | response 200
ERROR - 404 NO DATA | 25.11.2015 06:51:47  |  User:   |  | response 200
error paint_template_error | 25.11.2015 06:51:47  |  User:   | products | response200
ERROR - 503 BD | 25.11.2015 06:53:00  |  User:   |  | response 200
error paint_template_error | 25.11.2015 06:53:00  |  User:   | products | response200
error paint_template_error | 25.11.2015 06:54:07  |  User:   | products | response200
error paint_template_error | 25.11.2015 06:55:13  |  User:   | products | response200
ERROR - 503 BD | 25.11.2015 06:55:34  |  User:   |  | response 200
error paint_template_error | 25.11.2015 06:55:34  |  User:   | products | response200
ERROR - 503 BD | 25.11.2015 06:56:18  |  User:   |  | response 200
error paint_template_error | 25.11.2015 06:56:18  |  User:   | products | response200
ERROR - 404 NO DATA | 25.11.2015 06:56:45  |  User:   |  | response 200
error paint_template_error | 25.11.2015 06:56:45  |  User:   | products | response200
ERROR - 404 NO DATA | 25.11.2015 06:58:18  |  User:   |  | response 200
error paint_template_error | 25.11.2015 06:58:19  |  User:   | products | response200
ERROR - 503 BD | 25.11.2015 06:58:38  |  User:   |  | response 200
error paint_template_error | 25.11.2015 06:58:38  |  User:   | products | response200
ERROR - 503 BD | 25.11.2015 07:01:16  |  User:   |  | response 200
error paint_template_error | 25.11.2015 07:01:16  |  User:   | products | response200
ERROR - 503 BD | 25.11.2015 09:51:51  |  User:   |  | response 200
error paint_template_error | 25.11.2015 09:51:51  |  User:   | products | response200
ERROR - 503 BD | 25.11.2015 09:52:01  |  User:   |  | response 200
error paint_template_error | 25.11.2015 09:52:01  |  User:   | products | response200
ERROR - 503 BD | 25.11.2015 09:53:18  |  User:   |  | response 200
error paint_template_error | 25.11.2015 09:53:19  |  User:   | products | response200
ERROR - 503 BD | 26.11.2015 10:51:54  |  User:   |  | response 200
error paint_template_error | 26.11.2015 10:52:02  |  User:   | products | response200
ERROR - 404 NO DATA | 26.11.2015 10:54:22  |  User:   |  | response 200
error paint_template_error | 26.11.2015 10:54:23  |  User:   | products | response200
ERROR - 503 BD | 26.11.2015 10:54:51  |  User:   |  | response 200
error paint_template_error | 26.11.2015 10:54:52  |  User:   | products | response200
ERROR - 404 NO DATA | 26.11.2015 10:55:25  |  User:   |  | response 200
error paint_template_error | 26.11.2015 10:55:25  |  User:   | products | response200
ERROR - 404 NO DATA | 26.11.2015 10:56:51  |  User:   |  | response 200
error paint_template_error | 26.11.2015 10:56:51  |  User:   | products | response200
ERROR - 404 NO DATA | 26.11.2015 10:57:16  |  User:   |  | response 200
error paint_template_error | 26.11.2015 10:57:16  |  User:   | products | response200
ERROR - 404 NO DATA | 26.11.2015 10:58:09  |  User:   |  | response 200
error paint_template_error | 26.11.2015 10:58:09  |  User:   | products | response200
error paint_template_error | 26.11.2015 10:58:58  |  User:   | products | response200
error paint_template_error | 26.11.2015 10:59:46  |  User:   | products | response200
error paint_template_error | 26.11.2015 11:01:18  |  User:   | products | response200
error paint_template_error | 26.11.2015 11:02:52  |  User:   | products | response200
error paint_template_error | 26.11.2015 11:03:01  |  User:   | products | response200
error paint_template_error | 26.11.2015 11:03:02  |  User:   | products | response200
error paint_template_error | 26.11.2015 11:03:03  |  User:   | products | response200
ERROR - 404 NO DATA | 13.12.2015 11:52:05  |  User:   |  | response 200
error paint_template_search | 13.12.2015 11:52:05  |  User:   | products | response 200
ERROR - 404 NO DATA | 13.12.2015 11:52:22  |  User:   |  | response 200
error paint_template_search | 13.12.2015 11:52:22  |  User:   | products | response 200
ERROR - 503 BD | 13.12.2015 11:53:14  |  User:   |  | response 200
ERROR - 503 BD | 13.12.2015 11:54:01  |  User:   |  | response 200
ERROR - 503 BD | 13.12.2015 11:54:04  |  User:   |  | response 200
ERROR - 503 BD | 13.12.2015 11:54:40  |  User:   |  | response 200
ERROR - 503 BD | 13.12.2015 11:54:43  |  User:   |  | response 200
ERROR - 503 BD | 13.12.2015 11:55:05  |  User:   |  | response 200
ERROR - 503 BD | 13.12.2015 11:56:07  |  User:   |  | response 200
ERROR - 503 BD | 13.12.2015 11:56:11  |  User:   |  | response 200
ERROR - 503 BD | 13.12.2015 11:56:14  |  User:   |  | response 200
ERROR - 503 BD | 13.12.2015 11:56:21  |  User:   |  | response 200
ERROR - 503 BD | 13.12.2015 11:56:32  |  User:   |  | response 200
ERROR - 503 BD | 13.12.2015 11:56:39  |  User:   |  | response 200
ERROR - 503 BD | 13.12.2015 11:56:58  |  User:   |  | response 200
ERROR - 503 BD | 13.12.2015 11:58:35  |  User:   |  | response 200
error paint_template_error | 13.12.2015 11:58:35  |  User:   | products | response200
ERROR - 503 BD | 13.12.2015 11:58:47  |  User:   |  | response 200
error paint_template_error | 13.12.2015 11:58:47  |  User:   | products | response200
ERROR - 503 BD | 13.12.2015 12:01:39  |  User:   |  | response 200
error paint_template_error | 13.12.2015 12:01:39  |  User:   | products | response200
ERROR - 503 BD | 13.12.2015 12:03:30  |  User:   |  | response 200
error paint_template_error | 13.12.2015 12:03:30  |  User:   | products | response200
ERROR - 503 BD | 13.12.2015 12:03:55  |  User:   |  | response 200
error paint_template_error | 13.12.2015 12:03:55  |  User:   | products | response200
ERROR - 503 BD | 13.12.2015 12:03:59  |  User:   |  | response 200
error paint_template_error | 13.12.2015 12:03:59  |  User:   | products | response200
ERROR - 503 BD | 13.12.2015 12:04:02  |  User:   |  | response 200
error paint_template_error | 13.12.2015 12:04:02  |  User:   | products | response200
error loadView general | 13.12.2015 01:04:02  |  User:   | users | response 200
error loadView general | 13.12.2015 02:03:42  |  User:   | users | response 200
error loadView general | 13.12.2015 02:06:52  |  User:   | users | response 200
error loadView general | 16.12.2015 06:37:13  |  User:   | products | response 400
error loadView general | 16.12.2015 06:39:37  |  User:   | products | response 200
error loadView general | 16.12.2015 06:39:38  |  User:   | products | response 200
error loadView general | 16.12.2015 06:39:44  |  User:   | products | response 400
error loadView general | 16.12.2015 06:45:02  |  User:   | products | response 200
error loadView general | 16.12.2015 06:46:39  |  User:   | products | response 400
ERROR - 404 NO DATA | 16.12.2015 06:48:11  |  User:   |  | response 200
error paint_template_search | 16.12.2015 06:48:11  |  User:   | products | response 200
error loadView general | 16.12.2015 06:50:54  |  User:   | products | response 400
error loadView general | 16.12.2015 06:51:16  |  User:   | products | response 400
ERROR: [8] Undefined offset: 1
Notice on line 16 in file /var/www/PhpProject1/autoload.php
 | 16.12.2015 07:01:33  |  User:   | products | response 200
ERROR: [8] Undefined offset: 1
Notice on line 19 in file /var/www/PhpProject1/autoload.php
 | 16.12.2015 07:01:33  |  User:   | products | response 200
ERROR: [8] Undefined offset: 1
Notice on line 16 in file /var/www/PhpProject1/autoload.php
 | 16.12.2015 07:01:33  |  User:   | products | response 200
ERROR: [8] Undefined offset: 1
Notice on line 19 in file /var/www/PhpProject1/autoload.php
 | 16.12.2015 07:01:33  |  User:   | products | response 200
ERROR: [8] Undefined offset: 1
Notice on line 16 in file /var/www/PhpProject1/autoload.php
 | 16.12.2015 07:01:33  |  User:   | products | response 200
ERROR: [8] Undefined offset: 1
Notice on line 19 in file /var/www/PhpProject1/autoload.php
 | 16.12.2015 07:01:33  |  User:   | products | response 200
ERROR: [8] Undefined offset: 1
Notice on line 16 in file /var/www/PhpProject1/autoload.php
 | 16.12.2015 07:04:43  |  User:   | products | response 200
ERROR: [8] Undefined offset: 1
Notice on line 16 in file /var/www/PhpProject1/autoload.php
 | 16.12.2015 07:04:43  |  User:   | products | response 200
ERROR: [8] Undefined offset: 1
Notice on line 16 in file /var/www/PhpProject1/autoload.php
 | 16.12.2015 07:04:43  |  User:   | products | response 200
ERROR: [8] Undefined offset: 1
Notice on line 16 in file /var/www/PhpProject1/autoload.php
 | 16.12.2015 07:12:32  |  User:   | products | response 200
ERROR: [8] Undefined offset: 1
Notice on line 16 in file /var/www/PhpProject1/autoload.php
 | 16.12.2015 07:12:32  |  User:   | products | response 200
ERROR: [8] Undefined offset: 1
Notice on line 16 in file /var/www/PhpProject1/autoload.php
 | 16.12.2015 07:12:32  |  User:   | products | response 200
ERROR: [8] Undefined offset: 1
Notice on line 16 in file /var/www/PhpProject1/autoload.php
 | 16.12.2015 07:12:34  |  User:   | products | response 200
ERROR: [8] Undefined offset: 1
Notice on line 16 in file /var/www/PhpProject1/autoload.php
 | 16.12.2015 07:12:43  |  User:   | products | response 200
ERROR: [8] Undefined offset: 1
Notice on line 16 in file /var/www/PhpProject1/autoload.php
 | 16.12.2015 07:12:43  |  User:   | products | response 200
ERROR: [8] Undefined offset: 1
Notice on line 16 in file /var/www/PhpProject1/autoload.php
 | 16.12.2015 07:12:43  |  User:   | products | response 200
ERROR: [8] Undefined offset: 1
Notice on line 16 in file /var/www/PhpProject1/autoload.php
 | 16.12.2015 07:12:45  |  User:   | products | response 200
ERROR: [8] Undefined offset: 1
Notice on line 16 in file /var/www/PhpProject1/autoload.php
 | 16.12.2015 07:12:50  |  User:   | products | response 200
ERROR: [8] Undefined offset: 1
Notice on line 16 in file /var/www/PhpProject1/autoload.php
 | 16.12.2015 07:12:50  |  User:   | products | response 200
ERROR: [8] Undefined offset: 1
Notice on line 16 in file /var/www/PhpProject1/autoload.php
 | 16.12.2015 08:38:35  |  User:   | products | response 200
ERROR: [8] Undefined offset: 1
Notice on line 16 in file /var/www/PhpProject1/autoload.php
 | 16.12.2015 08:38:35  |  User:   | products | response 200
ERROR: [8] Undefined offset: 1
Notice on line 16 in file /var/www/PhpProject1/autoload.php
 | 16.12.2015 08:38:35  |  User:   | products | response 200
error loadView general | 17.12.2015 03:59:59  |  User:   | products | response 400
ERROR: [8] Undefined offset: 1
Notice on line 16 in file /var/www/PhpProject1/autoload.php
 | 17.12.2015 03:59:59  |  User:   | products | response 200
ERROR: [8] Undefined offset: 1
Notice on line 16 in file /var/www/PhpProject1/autoload.php
 | 17.12.2015 03:59:59  |  User:   | products | response 200
ERROR: [8] Undefined offset: 1
Notice on line 16 in file /var/www/PhpProject1/autoload.php
 | 17.12.2015 03:59:59  |  User:   | products | response 200
error loadView general | 17.12.2015 03:59:59  |  User:   | products | response 400
error loadView general | 17.12.2015 04:00:10  |  User:   | products | response 400
ERROR: [8] Undefined offset: 1
Notice on line 16 in file /var/www/PhpProject1/autoload.php
 | 17.12.2015 04:00:11  |  User:   | products | response 200
ERROR: [8] Undefined offset: 1
Notice on line 16 in file /var/www/PhpProject1/autoload.php
 | 17.12.2015 04:00:11  |  User:   | products | response 200
ERROR: [8] Undefined offset: 1
Notice on line 16 in file /var/www/PhpProject1/autoload.php
 | 17.12.2015 04:00:11  |  User:   | products | response 200
error loadView general | 17.12.2015 04:00:11  |  User:   | products | response 400
error loadView general | 17.12.2015 04:00:13  |  User:   | users | response 400
error loadView general | 17.12.2015 04:00:18  |  User:   | products | response 400
ERROR: [8] Undefined offset: 1
Notice on line 16 in file /var/www/PhpProject1/autoload.php
 | 17.12.2015 04:00:18  |  User:   | products | response 200
ERROR: [8] Undefined offset: 1
Notice on line 16 in file /var/www/PhpProject1/autoload.php
 | 17.12.2015 04:00:18  |  User:   | products | response 200
ERROR: [8] Undefined offset: 1
Notice on line 16 in file /var/www/PhpProject1/autoload.php
 | 17.12.2015 04:00:18  |  User:   | products | response 200
error loadView general | 17.12.2015 04:00:18  |  User:   | products | response 400
ERROR: [8] Undefined offset: 1
Notice on line 16 in file /var/www/PhpProject1/autoload.php
 | 17.12.2015 04:00:26  |  User:   | products | response 200
ERROR: [8] Undefined offset: 1
Notice on line 16 in file /var/www/PhpProject1/autoload.php
 | 17.12.2015 04:00:26  |  User:   | products | response 200
ERROR: [8] Undefined offset: 1
Notice on line 16 in file /var/www/PhpProject1/autoload.php
 | 17.12.2015 04:00:26  |  User:   | products | response 200
error loadView general | 17.12.2015 04:01:04  |  User:   | products | response 400
error loadView general | 17.12.2015 04:53:58  |  User:   | products | response 400
error loadView general | 17.12.2015 04:55:59  |  User:   | products | response 400
ERROR: [8] Undefined offset: 1
Notice on line 16 in file /var/www/PhpProject1/autoload.php
 | 17.12.2015 06:39:40  |  User:   | products | response 200
ERROR: [8] Undefined offset: 1
Notice on line 16 in file /var/www/PhpProject1/autoload.php
 | 17.12.2015 06:39:40  |  User:   | products | response 200
ERROR: [8] Undefined offset: 1
Notice on line 16 in file /var/www/PhpProject1/autoload.php
 | 17.12.2015 06:39:40  |  User:   | products | response 200
ERROR: [8] Undefined offset: 1
Notice on line 16 in file /var/www/PhpProject1/autoload.php
 | 17.12.2015 06:43:54  |  User:   | products | response 200
ERROR: [8] Undefined offset: 1
Notice on line 16 in file /var/www/PhpProject1/autoload.php
 | 17.12.2015 06:43:54  |  User:   | products | response 200
ERROR: [8] Undefined offset: 1
Notice on line 16 in file /var/www/PhpProject1/autoload.php
 | 17.12.2015 06:43:54  |  User:   | products | response 200
ERROR - 503 BD | 17.12.2015 06:43:58  |  User:   |  | response 200
ERROR - 503 BD | 17.12.2015 06:44:39  |  User:   |  | response 200
ERROR - 503 BD | 17.12.2015 06:45:02  |  User:   |  | response 200
error loadView general | 17.12.2015 06:59:53  |  User:   | products | response 200
error loadView general | 17.12.2015 07:00:08  |  User:   | products | response 400
error loadView general | 17.12.2015 07:01:46  |  User:   | products | response 200
error loadView general | 17.12.2015 07:11:16  |  User:   | products | response 400
ERROR: [8] Undefined offset: 1
Notice on line 16 in file /var/www/PhpProject1/autoload.php
 | 17.12.2015 07:11:27  |  User:   | products | response 200
ERROR: [8] Undefined offset: 1
Notice on line 16 in file /var/www/PhpProject1/autoload.php
 | 17.12.2015 07:11:27  |  User:   | products | response 200
ERROR: [8] Undefined offset: 1
Notice on line 16 in file /var/www/PhpProject1/autoload.php
 | 17.12.2015 07:11:27  |  User:   | products | response 200
ERROR: [8] Undefined offset: 1
Notice on line 16 in file /var/www/PhpProject1/autoload.php
 | 17.12.2015 07:11:57  |  User:   | products | response 200
ERROR - 404 NO DATA | 17.12.2015 07:11:57  |  User:   |  | response 200
ERROR: [8] Undefined offset: 1
Notice on line 16 in file /var/www/PhpProject1/autoload.php
 | 17.12.2015 07:12:01  |  User:   | products | response 200
ERROR: [8] Undefined offset: 1
Notice on line 16 in file /var/www/PhpProject1/autoload.php
 | 17.12.2015 07:12:01  |  User:   | products | response 200
ERROR: [8] Undefined offset: 1
Notice on line 16 in file /var/www/PhpProject1/autoload.php
 | 17.12.2015 07:12:01  |  User:   | products | response 200
ERROR: [8] Undefined offset: 1
Notice on line 16 in file /var/www/PhpProject1/autoload.php
 | 17.12.2015 07:12:03  |  User:   | products | response 200
ERROR - 404 NO DATA | 17.12.2015 07:12:03  |  User:   |  | response 200
ERROR: [8] Undefined offset: 1
Notice on line 16 in file /var/www/PhpProject1/autoload.php
 | 17.12.2015 07:12:14  |  User:   | products | response 200
ERROR: [8] Undefined offset: 1
Notice on line 16 in file /var/www/PhpProject1/autoload.php
 | 17.12.2015 07:12:14  |  User:   | products | response 200
ERROR: [8] Undefined offset: 1
Notice on line 16 in file /var/www/PhpProject1/autoload.php
 | 17.12.2015 07:12:14  |  User:   | products | response 200
ERROR: [8] Undefined offset: 1
Notice on line 16 in file /var/www/PhpProject1/autoload.php
 | 17.12.2015 07:12:15  |  User:   | products | response 200
ERROR: [8] Undefined offset: 1
Notice on line 16 in file /var/www/PhpProject1/autoload.php
 | 17.12.2015 07:12:22  |  User:   | products | response 200
ERROR: [8] Undefined offset: 1
Notice on line 16 in file /var/www/PhpProject1/autoload.php
 | 17.12.2015 07:12:23  |  User:   | products | response 200
ERROR: [8] Undefined offset: 1
Notice on line 16 in file /var/www/PhpProject1/autoload.php
 | 17.12.2015 07:12:23  |  User:   | products | response 200
ERROR: [8] Undefined offset: 1
Notice on line 16 in file /var/www/PhpProject1/autoload.php
 | 17.12.2015 07:12:24  |  User:   | products | response 200
ERROR - 404 NO DATA | 17.12.2015 07:12:24  |  User:   |  | response 200
ERROR: [8] Undefined offset: 1
Notice on line 16 in file /var/www/PhpProject1/autoload.php
 | 17.12.2015 07:14:31  |  User:   | products | response 200
ERROR: [8] Undefined offset: 1
Notice on line 16 in file /var/www/PhpProject1/autoload.php
 | 17.12.2015 07:14:31  |  User:   | products | response 200
ERROR: [8] Undefined offset: 1
Notice on line 16 in file /var/www/PhpProject1/autoload.php
 | 17.12.2015 07:14:31  |  User:   | products | response 200
ERROR: [8] Undefined offset: 1
Notice on line 16 in file /var/www/PhpProject1/autoload.php
 | 17.12.2015 07:14:32  |  User:   | products | response 200
ERROR - 404 NO DATA | 17.12.2015 07:14:32  |  User:   |  | response 200
ERROR: [8] Undefined offset: 1
Notice on line 16 in file /var/www/PhpProject1/autoload.php
 | 17.12.2015 07:16:04  |  User:   | products | response 200
ERROR: [8] Undefined offset: 1
Notice on line 16 in file /var/www/PhpProject1/autoload.php
 | 17.12.2015 07:16:04  |  User:   | products | response 200
ERROR: [8] Undefined offset: 1
Notice on line 16 in file /var/www/PhpProject1/autoload.php
 | 17.12.2015 07:16:04  |  User:   | products | response 200
ERROR: [8] Undefined offset: 1
Notice on line 16 in file /var/www/PhpProject1/autoload.php
 | 17.12.2015 07:16:06  |  User:   | products | response 200
ERROR - 404 NO DATA | 17.12.2015 07:16:06  |  User:   |  | response 200
error loadView general | 17.12.2015 07:16:06  |  User:   | products | response 404
ERROR: [8] Undefined offset: 1
Notice on line 16 in file /var/www/PhpProject1/autoload.php
 | 17.12.2015 07:17:09  |  User:   | products | response 200
ERROR - 404 NO DATA | 17.12.2015 07:17:09  |  User:   |  | response 200
error loadView general | 17.12.2015 07:17:09  |  User:   | products | response 404
ERROR: [8] Undefined offset: 1
Notice on line 16 in file /var/www/PhpProject1/autoload.php
 | 17.12.2015 07:17:10  |  User:   | products | response 200
ERROR - 404 NO DATA | 17.12.2015 07:17:10  |  User:   |  | response 200
error loadView general | 17.12.2015 07:17:10  |  User:   | products | response 404
ERROR: [8] Undefined offset: 1
Notice on line 16 in file /var/www/PhpProject1/autoload.php
 | 17.12.2015 07:17:18  |  User:   | products | response 200
ERROR: [8] Undefined offset: 1
Notice on line 16 in file /var/www/PhpProject1/autoload.php
 | 17.12.2015 07:17:18  |  User:   | products | response 200
ERROR: [8] Undefined offset: 1
Notice on line 16 in file /var/www/PhpProject1/autoload.php
 | 17.12.2015 07:17:18  |  User:   | products | response 200
ERROR: [8] Undefined offset: 1
Notice on line 16 in file /var/www/PhpProject1/autoload.php
 | 17.12.2015 07:17:19  |  User:   | products | response 200
ERROR - 404 NO DATA | 17.12.2015 07:17:19  |  User:   |  | response 200
ERROR: [8] Undefined offset: 1
Notice on line 16 in file /var/www/PhpProject1/autoload.php
 | 17.12.2015 07:23:04  |  User:   | products | response 200
ERROR: [8] Undefined offset: 1
Notice on line 16 in file /var/www/PhpProject1/autoload.php
 | 17.12.2015 07:23:04  |  User:   | products | response 200
ERROR: [8] Undefined offset: 1
Notice on line 16 in file /var/www/PhpProject1/autoload.php
 | 17.12.2015 07:23:04  |  User:   | products | response 200
ERROR: [8] Undefined offset: 1
Notice on line 16 in file /var/www/PhpProject1/autoload.php
 | 17.12.2015 07:23:06  |  User:   | products | response 200
ERROR - 404 NO DATA | 17.12.2015 07:23:06  |  User:   |  | response 200
ERROR: [8] Undefined offset: 1
Notice on line 16 in file /var/www/PhpProject1/autoload.php
 | 18.12.2015 09:54:12  |  User:   | products | response 200
ERROR: [8] Undefined offset: 1
Notice on line 16 in file /var/www/PhpProject1/autoload.php
 | 18.12.2015 09:54:12  |  User:   | products | response 200
ERROR: [8] Undefined offset: 1
Notice on line 16 in file /var/www/PhpProject1/autoload.php
 | 18.12.2015 09:54:12  |  User:   | products | response 200
ERROR: [8] Undefined offset: 1
Notice on line 16 in file /var/www/PhpProject1/autoload.php
 | 18.12.2015 09:54:17  |  User:   | products | response 200
ERROR: [8] Undefined offset: 1
Notice on line 16 in file /var/www/PhpProject1/autoload.php
 | 18.12.2015 09:54:17  |  User:   | products | response 200
ERROR: [8] Undefined offset: 1
Notice on line 16 in file /var/www/PhpProject1/autoload.php
 | 18.12.2015 09:54:17  |  User:   | products | response 200
ERROR: [8] Undefined offset: 1
Notice on line 16 in file /var/www/PhpProject1/autoload.php
 | 18.12.2015 09:54:22  |  User:   | products | response 200
ERROR - 404 NO DATA | 18.12.2015 09:54:22  |  User:   |  | response 200
ERROR: [8] Undefined offset: 1
Notice on line 16 in file /var/www/PhpProject1/autoload.php
 | 18.12.2015 09:55:55  |  User:   | products | response 200
ERROR: [8] Undefined offset: 1
Notice on line 16 in file /var/www/PhpProject1/autoload.php
 | 18.12.2015 09:55:55  |  User:   | products | response 200
ERROR: [8] Undefined offset: 1
Notice on line 16 in file /var/www/PhpProject1/autoload.php
 | 18.12.2015 09:55:55  |  User:   | products | response 200
ERROR: [8] Undefined offset: 1
Notice on line 16 in file /var/www/PhpProject1/autoload.php
 | 18.12.2015 09:55:57  |  User:   | products | response 200
ERROR - 404 NO DATA | 18.12.2015 09:55:57  |  User:   |  | response 200
error loadView general | 18.12.2015 09:55:57  |  User:   | products | response 404
ERROR: [8] Undefined offset: 1
Notice on line 16 in file /var/www/PhpProject1/autoload.php
 | 18.12.2015 10:02:57  |  User:   | products | response 200
ERROR - 404 NO DATA | 18.12.2015 10:02:57  |  User:   |  | response 200
ERROR: [8] Undefined offset: 1
Notice on line 16 in file /var/www/PhpProject1/autoload.php
 | 18.12.2015 10:03:34  |  User:   | products | response 200
ERROR: [8] Undefined offset: 1
Notice on line 16 in file /var/www/PhpProject1/autoload.php
 | 18.12.2015 10:03:34  |  User:   | products | response 200
ERROR: [8] Undefined offset: 1
Notice on line 16 in file /var/www/PhpProject1/autoload.php
 | 18.12.2015 10:03:34  |  User:   | products | response 200
ERROR: [8] Undefined offset: 1
Notice on line 16 in file /var/www/PhpProject1/autoload.php
 | 18.12.2015 10:03:35  |  User:   | products | response 200
ERROR - 404 NO DATA | 18.12.2015 10:03:35  |  User:   |  | response 200
ERROR: [8] Undefined offset: 1
Notice on line 16 in file /var/www/PhpProject1/autoload.php
 | 18.12.2015 10:05:02  |  User:   | products | response 200
ERROR: [8] Undefined offset: 1
Notice on line 16 in file /var/www/PhpProject1/autoload.php
 | 18.12.2015 10:05:02  |  User:   | products | response 200
ERROR: [8] Undefined offset: 1
Notice on line 16 in file /var/www/PhpProject1/autoload.php
 | 18.12.2015 10:05:02  |  User:   | products | response 200
ERROR: [8] Undefined offset: 1
Notice on line 16 in file /var/www/PhpProject1/autoload.php
 | 18.12.2015 10:05:03  |  User:   | products | response 200
ERROR - 404 NO DATA | 18.12.2015 10:05:03  |  User:   |  | response 200
ERROR: [8] Undefined offset: 1
Notice on line 16 in file /var/www/PhpProject1/autoload.php
 | 18.12.2015 10:05:06  |  User:   | products | response 200
ERROR - 404 NO DATA | 18.12.2015 10:05:06  |  User:   |  | response 200
ERROR: [8] Undefined offset: 1
Notice on line 16 in file /var/www/PhpProject1/autoload.php
 | 18.12.2015 10:05:30  |  User:   | products | response 200
ERROR: [8] Undefined offset: 1
Notice on line 16 in file /var/www/PhpProject1/autoload.php
 | 18.12.2015 10:05:30  |  User:   | products | response 200
ERROR: [8] Undefined offset: 1
Notice on line 16 in file /var/www/PhpProject1/autoload.php
 | 18.12.2015 10:05:31  |  User:   | products | response 200
ERROR: [8] Undefined offset: 1
Notice on line 16 in file /var/www/PhpProject1/autoload.php
 | 18.12.2015 10:05:32  |  User:   | products | response 200
ERROR - 404 NO DATA | 18.12.2015 10:05:32  |  User:   |  | response 200
error paint_template_error | 18.12.2015 10:05:32  |  User:   | products | response200
ERROR: [8] Undefined offset: 1
Notice on line 16 in file /var/www/PhpProject1/autoload.php
 | 18.12.2015 10:06:55  |  User:   | products | response 200
ERROR: [8] Undefined offset: 1
Notice on line 16 in file /var/www/PhpProject1/autoload.php
 | 18.12.2015 10:06:55  |  User:   | products | response 200
ERROR: [8] Undefined offset: 1
Notice on line 16 in file /var/www/PhpProject1/autoload.php
 | 18.12.2015 10:06:55  |  User:   | products | response 200
ERROR: [8] Undefined offset: 1
Notice on line 16 in file /var/www/PhpProject1/autoload.php
 | 18.12.2015 10:06:57  |  User:   | products | response 200
404 | 18.12.2015 10:06:57  |  User:   |  | response 200
error paint_template_search | 18.12.2015 10:06:57  |  User:   | products | response 200
ERROR: [8] Undefined offset: 1
Notice on line 16 in file /var/www/PhpProject1/autoload.php
 | 18.12.2015 10:07:18  |  User:   | products | response 200
ERROR: [8] Undefined offset: 1
Notice on line 16 in file /var/www/PhpProject1/autoload.php
 | 18.12.2015 10:07:18  |  User:   | products | response 200
ERROR: [8] Undefined offset: 1
Notice on line 16 in file /var/www/PhpProject1/autoload.php
 | 18.12.2015 10:07:18  |  User:   | products | response 200
ERROR: [8] Undefined offset: 1
Notice on line 16 in file /var/www/PhpProject1/autoload.php
 | 18.12.2015 10:07:20  |  User:   | products | response 200
404 | 18.12.2015 10:07:20  |  User:   |  | response 200
error paint_template_search | 18.12.2015 10:07:20  |  User:   | products | response 200
ERROR: [8] Undefined offset: 1
Notice on line 16 in file /var/www/PhpProject1/autoload.php
 | 18.12.2015 10:07:56  |  User:   | products | response 200
ERROR: [8] Undefined offset: 1
Notice on line 16 in file /var/www/PhpProject1/autoload.php
 | 18.12.2015 10:07:56  |  User:   | products | response 200
ERROR: [8] Undefined offset: 1
Notice on line 16 in file /var/www/PhpProject1/autoload.php
 | 18.12.2015 10:07:56  |  User:   | products | response 200
ERROR: [8] Undefined offset: 1
Notice on line 16 in file /var/www/PhpProject1/autoload.php
 | 18.12.2015 10:09:12  |  User:   | products | response 200
ERROR: [8] Undefined offset: 1
Notice on line 16 in file /var/www/PhpProject1/autoload.php
 | 18.12.2015 10:09:12  |  User:   | products | response 200
ERROR: [8] Undefined offset: 1
Notice on line 16 in file /var/www/PhpProject1/autoload.php
 | 18.12.2015 10:09:12  |  User:   | products | response 200
ERROR: [8] Undefined offset: 1
Notice on line 16 in file /var/www/PhpProject1/autoload.php
 | 18.12.2015 10:10:38  |  User:   | products | response 200
ERROR: [8] Undefined offset: 1
Notice on line 16 in file /var/www/PhpProject1/autoload.php
 | 18.12.2015 10:10:38  |  User:   | products | response 200
ERROR: [8] Undefined offset: 1
Notice on line 16 in file /var/www/PhpProject1/autoload.php
 | 18.12.2015 10:10:38  |  User:   | products | response 200
ERROR: [8] Undefined offset: 1
Notice on line 16 in file /var/www/PhpProject1/autoload.php
 | 18.12.2015 10:10:39  |  User:   | products | response 200
404 | 18.12.2015 10:10:39  |  User:   |  | response 200
error paint_template_search | 18.12.2015 10:10:39  |  User:   | products | response 200
ERROR: [8] Undefined offset: 1
Notice on line 16 in file /var/www/PhpProject1/autoload.php
 | 18.12.2015 10:14:30  |  User:   | products | response 200
ERROR: [8] Undefined variable: model_name
Notice on line 23 in file /var/www/PhpProject1/autoload.php
 | 18.12.2015 10:14:30  |  User:   | products | response 200
ERROR: [8] Undefined offset: 1
Notice on line 16 in file /var/www/PhpProject1/autoload.php
 | 18.12.2015 10:14:30  |  User:   | products | response 200
ERROR: [8] Undefined variable: model_name
Notice on line 23 in file /var/www/PhpProject1/autoload.php
 | 18.12.2015 10:14:30  |  User:   | products | response 200
ERROR: [8] Undefined offset: 1
Notice on line 16 in file /var/www/PhpProject1/autoload.php
 | 18.12.2015 10:14:30  |  User:   | products | response 200
ERROR: [8] Undefined variable: model_name
Notice on line 23 in file /var/www/PhpProject1/autoload.php
 | 18.12.2015 10:14:30  |  User:   | products | response 200
ERROR: [8] Undefined offset: 1
Notice on line 16 in file /var/www/PhpProject1/autoload.php
 | 18.12.2015 10:14:31  |  User:   | products | response 200
ERROR: [8] Undefined variable: model_name
Notice on line 23 in file /var/www/PhpProject1/autoload.php
 | 18.12.2015 10:14:31  |  User:   | products | response 200
404 | 18.12.2015 10:14:31  |  User:   |  | response 200
error paint_template_search | 18.12.2015 10:14:31  |  User:   | products | response 200
ERROR: [8] Undefined offset: 1
Notice on line 16 in file /var/www/PhpProject1/autoload.php
 | 18.12.2015 10:16:03  |  User:   | products | response 200
ERROR: [8] Undefined variable: model_name
Notice on line 23 in file /var/www/PhpProject1/autoload.php
 | 18.12.2015 10:16:03  |  User:   | products | response 200
ERROR: [8] Undefined offset: 1
Notice on line 16 in file /var/www/PhpProject1/autoload.php
 | 18.12.2015 10:16:03  |  User:   | products | response 200
ERROR: [8] Undefined variable: model_name
Notice on line 23 in file /var/www/PhpProject1/autoload.php
 | 18.12.2015 10:16:03  |  User:   | products | response 200
ERROR: [8] Undefined offset: 1
Notice on line 16 in file /var/www/PhpProject1/autoload.php
 | 18.12.2015 10:16:03  |  User:   | products | response 200
ERROR: [8] Undefined variable: model_name
Notice on line 23 in file /var/www/PhpProject1/autoload.php
 | 18.12.2015 10:16:03  |  User:   | products | response 200
ERROR: [8] Undefined offset: 1
Notice on line 16 in file /var/www/PhpProject1/autoload.php
 | 18.12.2015 10:17:05  |  User:   | products | response 200
ERROR: [8] Undefined variable: model_name
Notice on line 23 in file /var/www/PhpProject1/autoload.php
 | 18.12.2015 10:17:05  |  User:   | products | response 200
ERROR: [8] Undefined offset: 1
Notice on line 16 in file /var/www/PhpProject1/autoload.php
 | 18.12.2015 10:17:05  |  User:   | products | response 200
ERROR: [8] Undefined variable: model_name
Notice on line 23 in file /var/www/PhpProject1/autoload.php
 | 18.12.2015 10:17:05  |  User:   | products | response 200
ERROR: [8] Undefined offset: 1
Notice on line 16 in file /var/www/PhpProject1/autoload.php
 | 18.12.2015 10:17:05  |  User:   | products | response 200
ERROR: [8] Undefined variable: model_name
Notice on line 23 in file /var/www/PhpProject1/autoload.php
 | 18.12.2015 10:17:05  |  User:   | products | response 200
ERROR: [8] Undefined offset: 1
Notice on line 16 in file /var/www/PhpProject1/autoload.php
 | 18.12.2015 10:17:34  |  User:   | products | response 200
ERROR: [8] Undefined variable: model_name
Notice on line 23 in file /var/www/PhpProject1/autoload.php
 | 18.12.2015 10:17:34  |  User:   | products | response 200
ERROR: [8] Undefined variable: model_name
Notice on line 25 in file /var/www/PhpProject1/autoload.php
 | 18.12.2015 10:28:17  |  User:   | products | response 200
ERROR: [8] Undefined variable: model_name
Notice on line 25 in file /var/www/PhpProject1/autoload.php
 | 18.12.2015 10:28:17  |  User:   | products | response 200
ERROR: [8] Undefined variable: model_name
Notice on line 25 in file /var/www/PhpProject1/autoload.php
 | 18.12.2015 10:28:17  |  User:   | products | response 200
ERROR: [8] Undefined variable: model_name
Notice on line 24 in file /var/www/PhpProject1/autoload.php
 | 18.12.2015 10:33:19  |  User:   | products | response 200
ERROR: [8] Undefined variable: model_name
Notice on line 24 in file /var/www/PhpProject1/autoload.php
 | 18.12.2015 10:33:19  |  User:   | products | response 200
ERROR: [8] Undefined variable: model_name
Notice on line 24 in file /var/www/PhpProject1/autoload.php
 | 18.12.2015 10:33:19  |  User:   | products | response 200
ERROR: [8] Undefined variable: model_name
Notice on line 24 in file /var/www/PhpProject1/autoload.php
 | 18.12.2015 10:33:21  |  User:   | products | response 200
ERROR: [8] Undefined variable: model_name
Notice on line 24 in file /var/www/PhpProject1/autoload.php
 | 18.12.2015 10:33:25  |  User:   | products | response 200
ERROR: [8] Undefined variable: model_name
Notice on line 24 in file /var/www/PhpProject1/autoload.php
 | 18.12.2015 10:33:25  |  User:   | products | response 200
ERROR: [8] Undefined variable: model_name
Notice on line 24 in file /var/www/PhpProject1/autoload.php
 | 18.12.2015 10:33:25  |  User:   | products | response 200
ERROR: [8] Undefined variable: model_name
Notice on line 25 in file /var/www/PhpProject1/autoload.php
 | 18.12.2015 10:35:42  |  User:   | products | response 200
ERROR: [8] Undefined variable: model_name
Notice on line 25 in file /var/www/PhpProject1/autoload.php
 | 18.12.2015 10:35:43  |  User:   | products | response 200
ERROR: [8] Undefined variable: model_name
Notice on line 25 in file /var/www/PhpProject1/autoload.php
 | 18.12.2015 10:35:43  |  User:   | products | response 200
ERROR: [8] Undefined variable: model_name
Notice on line 24 in file /var/www/PhpProject1/autoload.php
 | 18.12.2015 10:37:58  |  User:   | products | response 200
ERROR: [8] Undefined variable: model_name
Notice on line 24 in file /var/www/PhpProject1/autoload.php
 | 18.12.2015 10:37:59  |  User:   | products | response 200
ERROR: [8] Undefined variable: model_name
Notice on line 24 in file /var/www/PhpProject1/autoload.php
 | 18.12.2015 10:37:59  |  User:   | products | response 200
ERROR - 503 BD | 18.12.2015 10:42:31  |  User:   |  | response 200
error paint_template_error | 18.12.2015 10:42:31  |  User:   | products | response200
ERROR - 503 BD | 18.12.2015 10:42:50  |  User:   |  | response 200
error paint_template_error | 18.12.2015 10:42:51  |  User:   | products | response200
ERROR - 503 BD | 18.12.2015 10:44:29  |  User:   |  | response 200
error paint_template_error | 18.12.2015 10:44:29  |  User:   | products | response200
ERROR - 503 BD | 18.12.2015 10:47:55  |  User:   |  | response 200
ERROR - 503 BD | 18.12.2015 10:48:10  |  User:   |  | response 200
ERROR - 503 BD | 18.12.2015 10:49:10  |  User:   |  | response 200
ERROR - 503 BD | 18.12.2015 10:51:34  |  User:   |  | response 200
error paint_template_error | 18.12.2015 10:51:34  |  User:   | products | response200
ERROR - 503 BD | 18.12.2015 10:52:02  |  User:   |  | response 200
error paint_template_error | 18.12.2015 10:52:02  |  User:   | products | response200
404 | 18.12.2015 10:52:17  |  User:   |  | response 200
error paint_template_search | 18.12.2015 10:52:18  |  User:   | products | response 200
ERROR - 503 BD | 18.12.2015 10:52:59  |  User:   |  | response 200
ERROR - 503 BD | 18.12.2015 11:05:58  |  User:   |  | response 200
error paint_template_search | 18.12.2015 11:05:58  |  User:   | products | response 200
ERROR - 404 NO DATA | 18.12.2015 11:06:41  |  User:   |  | response 200
error paint_template_search | 18.12.2015 11:06:41  |  User:   | products | response 200
ERROR - 503 BD | 18.12.2015 11:07:21  |  User:   |  | response 200
ERROR - 503 BD | 18.12.2015 11:08:34  |  User:   |  | response 200
ERROR - 503 BD | 18.12.2015 11:11:00  |  User:   |  | response 200
error paint_template_error | 18.12.2015 11:11:00  |  User:   | products | response200
ERROR - 404 NO DATA | 18.12.2015 11:11:54  |  User:   |  | response 200
error paint_template_error | 18.12.2015 11:11:54  |  User:   | products | response200
ERROR - 404 NO DATA | 18.12.2015 11:15:32  |  User:   |  | response 200
error paint_template_error | 18.12.2015 11:15:32  |  User:   | products | response200
404 | 18.12.2015 11:15:52  |  User:   |  | response 200
error paint_template_search | 18.12.2015 11:15:52  |  User:   | products | response 200
ERROR - 503 BD | 18.12.2015 11:17:56  |  User:   |  | response 200
ERROR - 503 BD | 18.12.2015 11:19:16  |  User:   |  | response 200
ERROR - 503 BD | 18.12.2015 11:20:00  |  User:   |  | response 200
ERROR - 503 BD | 18.12.2015 11:20:22  |  User:   |  | response 200
ERROR - 503 BD | 18.12.2015 11:23:58  |  User:   |  | response 200
ERROR - 503 BD | 18.12.2015 11:25:41  |  User:   |  | response 200
error paint_template_error | 18.12.2015 11:25:41  |  User:   | products | response200
ERROR - 503 BD | 18.12.2015 11:27:43  |  User:   |  | response 200
error paint_template_search | 18.12.2015 11:27:43  |  User:   | products | response 200
ERROR - 503 BD | 18.12.2015 11:28:18  |  User:   |  | response 200
error paint_template_error | 18.12.2015 11:28:18  |  User:   | products | response200
404 | 18.12.2015 11:28:40  |  User:   |  | response 200
error paint_template_search | 18.12.2015 11:28:40  |  User:   | products | response 200
ERROR - 503 BD | 18.12.2015 11:31:01  |  User:   |  | response 200
error paint_template_error | 18.12.2015 11:31:01  |  User:   | products | response200
404 | 18.12.2015 11:31:24  |  User:   |  | response 200
error paint_template_search | 18.12.2015 11:31:24  |  User:   | products | response 200
error paint_template_error | 18.12.2015 11:33:10  |  User:   | products | response200
error paint_template_error | 18.12.2015 11:33:21  |  User:   | products | response200
error paint_template_error | 18.12.2015 11:33:31  |  User:   | products | response200
error paint_template_error | 18.12.2015 11:33:35  |  User:   | products | response200
error paint_template_error | 18.12.2015 11:33:36  |  User:   | products | response200
error paint_template_error | 18.12.2015 11:33:37  |  User:   | products | response200
error paint_template_error | 18.12.2015 11:33:38  |  User:   | products | response200
error paint_template_error | 18.12.2015 11:37:01  |  User:   | products | response200
error paint_template_error | 18.12.2015 11:37:16  |  User:   | products | response200
error paint_template_error | 18.12.2015 11:37:18  |  User:   | products | response200
error paint_template_error | 18.12.2015 11:37:19  |  User:   | products | response200
error paint_template_error | 18.12.2015 11:37:23  |  User:   | products | response200
error paint_template_error | 18.12.2015 11:38:09  |  User:   | products | response200
error paint_template_error | 18.12.2015 11:38:11  |  User:   | products | response200
error paint_template_error | 18.12.2015 11:38:16  |  User:   | products | response200
error paint_template_error | 18.12.2015 11:38:17  |  User:   | products | response200
error paint_template_error | 18.12.2015 11:38:20  |  User:   | products | response200
error paint_template_error | 18.12.2015 11:38:37  |  User:   | products | response200
error paint_template_error | 18.12.2015 11:38:37  |  User:   | products | response200
error paint_template_error | 18.12.2015 11:38:39  |  User:   | products | response200
error paint_template_error | 18.12.2015 11:38:40  |  User:   | products | response200
error paint_template_error | 18.12.2015 11:38:41  |  User:   | products | response200
error paint_template_error | 18.12.2015 11:38:42  |  User:   | products | response200
error paint_template_error | 18.12.2015 11:38:43  |  User:   | products | response200
error paint_template_error | 18.12.2015 11:38:44  |  User:   | products | response200
error paint_template_error | 18.12.2015 11:38:47  |  User:   | products | response200
error paint_template_error | 18.12.2015 11:38:52  |  User:   | products | response200
error paint_template_error | 18.12.2015 11:38:54  |  User:   | products | response200
error paint_template_error | 18.12.2015 11:38:56  |  User:   | products | response200
error paint_template_error | 18.12.2015 11:38:56  |  User:   | products | response200
error paint_template_error | 18.12.2015 11:38:57  |  User:   | products | response200
error paint_template_error | 18.12.2015 11:38:57  |  User:   | products | response200
error paint_template_error | 18.12.2015 11:38:57  |  User:   | products | response200
error paint_template_error | 18.12.2015 11:38:57  |  User:   | products | response200
error paint_template_error | 18.12.2015 11:42:18  |  User:   | products | response200
error paint_template_error | 18.12.2015 11:42:20  |  User:   | products | response200
error paint_template_error | 18.12.2015 11:42:24  |  User:   | products | response200
error paint_template_error | 18.12.2015 11:42:25  |  User:   | products | response200
error paint_template_error | 18.12.2015 11:42:27  |  User:   | products | response200
error paint_template_error | 18.12.2015 11:42:43  |  User:   | products | response200
error paint_template_error | 18.12.2015 11:42:46  |  User:   | products | response200
error paint_template_error | 18.12.2015 11:42:48  |  User:   | products | response200
error paint_template_error | 18.12.2015 11:42:49  |  User:   | products | response200
ERROR - 503 BD | 18.12.2015 06:45:25  |  User:   |  | response 200
ERROR: [8] Array to string conversion
Notice on line 106 in file /var/www/PhpProject1/utils/response_code.inc.php
 | 18.12.2015 06:45:25  |  User:   | products | response 200
ERROR - 503 BD | 18.12.2015 06:45:57  |  User:   |  | response 200
ERROR: [8] Array to string conversion
Notice on line 106 in file /var/www/PhpProject1/utils/response_code.inc.php
 | 18.12.2015 06:45:57  |  User:   | products | response 200
ERROR - 503 BD | 18.12.2015 06:47:17  |  User:   |  | response 200
ERROR: [8] Array to string conversion
Notice on line 106 in file /var/www/PhpProject1/utils/response_code.inc.php
 | 18.12.2015 06:47:17  |  User:   | products | response 200
ERROR - 503 BD | 18.12.2015 06:48:05  |  User:   |  | response 200
ERROR: [8] Array to string conversion
Notice on line 106 in file /var/www/PhpProject1/utils/response_code.inc.php
 | 18.12.2015 06:48:05  |  User:   | products | response 200
ERROR - 503 BD | 18.12.2015 06:48:12  |  User:   |  | response 200
ERROR: [8] Array to string conversion
Notice on line 106 in file /var/www/PhpProject1/utils/response_code.inc.php
 | 18.12.2015 06:48:12  |  User:   | products | response 200
ERROR - 503 BD | 18.12.2015 06:48:36  |  User:   |  | response 200
ERROR: [8] Array to string conversion
Notice on line 106 in file /var/www/PhpProject1/utils/response_code.inc.php
 | 18.12.2015 06:48:36  |  User:   | products | response 200
ERROR - 503 BD | 18.12.2015 06:48:40  |  User:   |  | response 200
ERROR: [8] Array to string conversion
Notice on line 106 in file /var/www/PhpProject1/utils/response_code.inc.php
 | 18.12.2015 06:48:40  |  User:   | products | response 200
ERROR - 503 BD | 18.12.2015 06:48:42  |  User:   |  | response 200
ERROR: [8] Array to string conversion
Notice on line 106 in file /var/www/PhpProject1/utils/response_code.inc.php
 | 18.12.2015 06:48:42  |  User:   | products | response 200
ERROR - 503 BD | 18.12.2015 06:49:33  |  User:   |  | response 200
ERROR - 503 BD | 18.12.2015 06:50:47  |  User:   |  | response 200
ERROR - 503 BD | 18.12.2015 06:54:27  |  User:   |  | response 200
ERROR - 503 BD | 18.12.2015 06:54:36  |  User:   |  | response 200
ERROR - 503 BD | 18.12.2015 06:54:44  |  User:   |  | response 200
ERROR - 503 BD | 18.12.2015 06:55:03  |  User:   |  | response 200
ERROR - 503 BD | 18.12.2015 06:55:32  |  User:   |  | response 200
ERROR - 503 BD | 18.12.2015 06:56:29  |  User:   |  | response 200
ERROR - 503 BD | 18.12.2015 06:56:43  |  User:   |  | response 200
ERROR: [2] json_encode() expects at least 1 parameter, 0 given
Warning on line 106 in file /var/www/PhpProject1/utils/response_code.inc.php
 | 18.12.2015 06:56:43  |  User:   | products | response 200
ERROR - 503 BD | 18.12.2015 06:57:35  |  User:   |  | response 200
ERROR - 503 BD | 20.12.2015 08:43:11  |  User:   |  | response 200
error loadView general | 20.12.2015 08:43:15  |  User:   | about-us | response 400
error loadView general | 20.12.2015 08:43:17  |  User:   | portfolio | response 400
ERROR - 503 BD | 20.12.2015 08:43:19  |  User:   |  | response 200
ERROR - 503 BD | 21.12.2015 10:31:33  |  User:   |  | response 200
ERROR - 503 BD | 21.12.2015 10:31:44  |  User:   |  | response 200
ERROR - 503 BD | 21.12.2015 10:31:56  |  User:   |  | response 200
ERROR - 503 BD | 21.12.2015 10:32:11  |  User:   |  | response 200
ERROR - 503 BD | 23.12.2015 11:54:10  |  User:   |  | response 200
ERROR - 503 BD | 23.12.2015 12:13:42  |  User:   |  | response 200
error paint_template_error | 23.12.2015 12:13:43  |  User:   | products | response200
ERROR - 503 BD | 23.12.2015 12:15:25  |  User:   |  | response 200
error paint_template_error | 23.12.2015 12:15:25  |  User:   | products | response200
ERROR - 503 BD | 23.12.2015 12:15:48  |  User:   |  | response 200
error paint_template_error | 23.12.2015 12:15:48  |  User:   | products | response200
ERROR - 503 BD | 23.12.2015 12:16:08  |  User:   |  | response 200
error paint_template_error | 23.12.2015 12:16:08  |  User:   | products | response200
ERROR - 503 BD | 23.12.2015 12:18:01  |  User:   |  | response 200
ERROR - 503 BD | 23.12.2015 12:18:39  |  User:   |  | response 200
ERROR - 503 BD | 23.12.2015 12:19:14  |  User:   |  | response 200
ERROR - 503 BD | 23.12.2015 12:19:25  |  User:   |  | response 200
error paint_template_error | 23.12.2015 12:19:25  |  User:   | products | response200
404 | 23.12.2015 12:25:13  |  User:   |  | response 200
error paint_template_search | 23.12.2015 12:25:13  |  User:   | products | response 200
ERROR - 503 BD | 23.12.2015 12:27:56  |  User:   |  | response 200
error paint_template_search | 23.12.2015 12:27:56  |  User:   | products | response 200
ERROR - 503 BD | 23.12.2015 12:28:13  |  User:   |  | response 200
error paint_template_search | 23.12.2015 12:28:13  |  User:   | products | response 200
ERROR - 404 NO DATA | 23.12.2015 12:28:55  |  User:   |  | response 200
error paint_template_search | 23.12.2015 12:28:55  |  User:   | products | response 200
ERROR - 503 BD | 23.12.2015 12:29:29  |  User:   |  | response 200
error paint_template_error | 23.12.2015 12:29:29  |  User:   | products | response200
404 | 23.12.2015 12:29:58  |  User:   |  | response 200
error paint_template_error | 23.12.2015 12:29:58  |  User:   | products | response200
404 | 23.12.2015 12:30:43  |  User:   |  | response 200
error paint_template_error | 23.12.2015 12:30:43  |  User:   | products | response200
ERROR - 404 NO DATA | 23.12.2015 12:31:31  |  User:   |  | response 200
error paint_template_error | 23.12.2015 12:31:31  |  User:   | products | response200
ERROR - 404 NO DATA | 23.12.2015 12:33:33  |  User:   |  | response 200
error paint_template_search | 23.12.2015 12:33:33  |  User:   | products | response 200
error loadView general | 23.12.2015 12:34:53  |  User:   | products | response 400
error loadView general | 23.12.2015 12:35:22  |  User:   | products | response 400
error loadView general | 23.12.2015 12:35:23  |  User:   | products | response 400
error loadView general | 23.12.2015 12:35:35  |  User:   | products | response 400
error loadView general | 23.12.2015 12:35:36  |  User:   | products | response 400
error loadView general | 23.12.2015 12:35:37  |  User:   | main | response 400
error loadView general | 23.12.2015 12:35:41  |  User:   | products | response 400
error loadView general | 23.12.2015 12:35:42  |  User:   | products | response 400
error loadView general | 23.12.2015 12:36:20  |  User:   | products | response 400
error loadView general | 23.12.2015 01:17:12  |  User:   | main/view | response 400
error loadView general | 23.12.2015 01:17:12  |  User:   | main/view | response 400
error loadView general | 23.12.2015 01:17:15  |  User:   | main | response 400
error loadView general | 23.12.2015 01:17:15  |  User:   | main/view | response 400
error loadView general | 23.12.2015 01:17:15  |  User:   | main/view | response 400
error loadView general | 23.12.2015 01:17:17  |  User:   | main | response 400
error loadView general | 23.12.2015 01:17:17  |  User:   | main/view | response 400
error loadView general | 23.12.2015 01:17:17  |  User:   | main/view | response 400
error loadView general | 23.12.2015 01:17:22  |  User:   | main | response 400
error loadView general | 23.12.2015 01:17:22  |  User:   | main/view | response 400
error loadView general | 23.12.2015 01:17:27  |  User:   | main/view | response 400
error loadView general | 23.12.2015 01:17:27  |  User:   | main/view | response 400
error loadView general | 23.12.2015 01:18:19  |  User:   | main | response 400
error loadView general | 23.12.2015 01:18:19  |  User:   | main/view | response 400
error loadView general | 23.12.2015 01:18:20  |  User:   | main/view | response 400
error loadView general | 23.12.2015 01:18:23  |  User:   | main/view | response 400
error loadView general | 23.12.2015 01:18:34  |  User:   | main/view | response 400
error loadView general | 23.12.2015 01:20:50  |  User:   | main | response 400
error loadView general | 23.12.2015 01:32:54  |  User:   | products/list_products/PhpProject1 | response 400
error loadView general | 23.12.2015 02:06:23  |  User:   | products/list_products/PhpProject1 | response 400
error loadView general | 23.12.2015 02:14:06  |  User:   | products/list_products/PhpProject1/products | response 400
error loadView general | 23.12.2015 02:21:18  |  User:   | users/form_users | response 400
error loadView general | 23.12.2015 02:21:23  |  User:   | users/form_users | response 400
error loadView general | 23.12.2015 02:21:24  |  User:   | products/list_products | response 400
error loadView general | 23.12.2015 02:21:25  |  User:   | products/list_products | response 400
error loadView general | 23.12.2015 02:21:27  |  User:   | products/list_products | response 400
error loadView general | 23.12.2015 02:21:49  |  User:   | products/list_products | response 400
error loadView general | 23.12.2015 02:38:48  |  User:   | products/list_products/products | response 400
error loadView general | 23.12.2015 02:38:55  |  User:   | products/list_products/products | response 400
error loadView general | 23.12.2015 02:39:20  |  User:   | products/list_products/products | response 400
error loadView general | 23.12.2015 02:40:09  |  User:   | products/list_products | response 400
error loadView general | 23.12.2015 02:40:15  |  User:   | products/list_products | response 400
error loadView general | 23.12.2015 02:42:26  |  User:   | products/list_products | response 400
error loadView general | 23.12.2015 02:46:18  |  User:   | products/list_products/products | response 400
error loadView general | 23.12.2015 02:47:08  |  User:   | products/list_products/products | response 400
error loadView general | 23.12.2015 02:49:13  |  User:   | products/list_products | response 400
error loadView general | 23.12.2015 02:49:13  |  User:   | products/list_products | response 400
error loadView general | 23.12.2015 02:49:31  |  User:   | products/list_products | response 400
error loadView general | 23.12.2015 02:49:31  |  User:   | products/list_products | response 400
error loadView general | 23.12.2015 02:56:16  |  User:   | products/list_products | response 400
error loadView general | 23.12.2015 02:56:16  |  User:   | products/list_products | response 400
error loadView general | 23.12.2015 02:58:17  |  User:   | products/list_products | response 400
error loadView general | 23.12.2015 02:58:17  |  User:   | products/list_products | response 400
error loadView general | 23.12.2015 03:09:56  |  User:   | products/list_products | response 400
error loadView general | 23.12.2015 03:10:07  |  User:   | products/list_products | response 400
error loadView general | 23.12.2015 04:51:04  |  User:   | products | response 400
error loadView general | 23.12.2015 04:52:05  |  User:   | products | response 400
error loadView general | 24.12.2015 11:22:02  |  User:   | users | response 400
error loadView general | 24.12.2015 11:28:10  |  User:   | users | response 400
error loadView general | 24.12.2015 01:08:27  |  User:   | users | response 400
ERROR - 503 BD | 26.12.2015 10:26:00  |  User:   |  | response 200
error paint_template_error | 26.12.2015 10:26:00  |  User:   | products | response200
ERROR - 404 NO DATA | 26.12.2015 10:26:14  |  User:   |  | response 200
error paint_template_search | 26.12.2015 10:26:14  |  User:   | products | response 200
ERROR - 503 BD | 26.12.2015 10:26:36  |  User:   |  | response 200
error paint_template_search | 26.12.2015 10:26:36  |  User:   | products | response 200
ERROR - 404 NO DATA | 26.12.2015 10:26:58  |  User:   |  | response 200
error paint_template_search | 26.12.2015 10:26:58  |  User:   | products | response 200
ERROR - 503 BD | 26.12.2015 10:27:16  |  User:   |  | response 200
error paint_template_search | 26.12.2015 10:27:16  |  User:   | products | response 200
ERROR - 503 BD | 26.12.2015 10:27:22  |  User:   |  | response 200
error paint_template_search | 26.12.2015 10:27:22  |  User:   | products | response 200
ERROR - 404 NO DATA | 26.12.2015 10:27:33  |  User:   |  | response 200
error paint_template_search | 26.12.2015 10:27:33  |  User:   | products | response 200
ERROR: [2] mysqli::mysqli(): (HY000/1045): Access denied for user 'root'@'localhost' (using password: YES)
Warning on line 44 in file /home/ubuntu/workspace/12F_PhpProject_Miguel_prettyurls/model/db.class.singleton.php
 | 13.03.2016 11:54:53  |  User:   | products | response 200
ERROR: [2] mysqli::select_db(): Couldn't fetch mysqli
Warning on line 45 in file /home/ubuntu/workspace/12F_PhpProject_Miguel_prettyurls/model/db.class.singleton.php
 | 13.03.2016 11:54:53  |  User:   | products | response 200
ERROR: [2] mysqli::query(): Couldn't fetch mysqli
Warning on line 49 in file /home/ubuntu/workspace/12F_PhpProject_Miguel_prettyurls/model/db.class.singleton.php
 | 13.03.2016 11:54:53  |  User:   | products | response 200
ERROR: [2] mysqli::mysqli(): (HY000/1045): Access denied for user 'root'@'localhost' (using password: YES)
Warning on line 44 in file /home/ubuntu/workspace/12F_PhpProject_Miguel_prettyurls/model/db.class.singleton.php
 | 13.03.2016 11:54:53  |  User:   | products | response 200
ERROR: [2] mysqli::select_db(): Couldn't fetch mysqli
Warning on line 45 in file /home/ubuntu/workspace/12F_PhpProject_Miguel_prettyurls/model/db.class.singleton.php
 | 13.03.2016 11:54:53  |  User:   | products | response 200
ERROR: [2] mysqli::query(): Couldn't fetch mysqli
Warning on line 49 in file /home/ubuntu/workspace/12F_PhpProject_Miguel_prettyurls/model/db.class.singleton.php
 | 13.03.2016 11:54:53  |  User:   | products | response 200
ERROR: [2] mysqli::mysqli(): (HY000/1045): Access denied for user 'root'@'localhost' (using password: YES)
Warning on line 44 in file /home/ubuntu/workspace/12F_PhpProject_Miguel_prettyurls/model/db.class.singleton.php
 | 13.03.2016 11:55:07  |  User:   | products | response 200
ERROR: [2] mysqli::select_db(): Couldn't fetch mysqli
Warning on line 45 in file /home/ubuntu/workspace/12F_PhpProject_Miguel_prettyurls/model/db.class.singleton.php
 | 13.03.2016 11:55:07  |  User:   | products | response 200
ERROR: [2] mysqli::query(): Couldn't fetch mysqli
Warning on line 49 in file /home/ubuntu/workspace/12F_PhpProject_Miguel_prettyurls/model/db.class.singleton.php
 | 13.03.2016 11:55:07  |  User:   | products | response 200
ERROR: [2] mysqli::mysqli(): (HY000/1045): Access denied for user 'root'@'localhost' (using password: YES)
Warning on line 44 in file /home/ubuntu/workspace/12F_PhpProject_Miguel_prettyurls/model/db.class.singleton.php
 | 13.03.2016 11:55:07  |  User:   | products | response 200
ERROR: [2] mysqli::select_db(): Couldn't fetch mysqli
Warning on line 45 in file /home/ubuntu/workspace/12F_PhpProject_Miguel_prettyurls/model/db.class.singleton.php
 | 13.03.2016 11:55:07  |  User:   | products | response 200
ERROR: [2] mysqli::query(): Couldn't fetch mysqli
Warning on line 49 in file /home/ubuntu/workspace/12F_PhpProject_Miguel_prettyurls/model/db.class.singleton.php
 | 13.03.2016 11:55:07  |  User:   | products | response 200
ERROR: [2] mysqli::mysqli(): (HY000/1045): Access denied for user 'root'@'localhost' (using password: YES)
Warning on line 44 in file /home/ubuntu/workspace/12F_PhpProject_Miguel_prettyurls/model/db.class.singleton.php
 | 13.03.2016 11:55:11  |  User:   | products | response 200
ERROR: [2] mysqli::select_db(): Couldn't fetch mysqli
Warning on line 45 in file /home/ubuntu/workspace/12F_PhpProject_Miguel_prettyurls/model/db.class.singleton.php
 | 13.03.2016 11:55:11  |  User:   | products | response 200
ERROR: [2] mysqli::query(): Couldn't fetch mysqli
Warning on line 49 in file /home/ubuntu/workspace/12F_PhpProject_Miguel_prettyurls/model/db.class.singleton.php
 | 13.03.2016 11:55:11  |  User:   | products | response 200
ERROR: [2] mysqli::mysqli(): (HY000/1045): Access denied for user 'root'@'localhost' (using password: YES)
Warning on line 44 in file /home/ubuntu/workspace/12F_PhpProject_Miguel_prettyurls/model/db.class.singleton.php
 | 13.03.2016 11:55:11  |  User:   | products | response 200
ERROR: [2] mysqli::select_db(): Couldn't fetch mysqli
Warning on line 45 in file /home/ubuntu/workspace/12F_PhpProject_Miguel_prettyurls/model/db.class.singleton.php
 | 13.03.2016 11:55:11  |  User:   | products | response 200
ERROR: [2] mysqli::query(): Couldn't fetch mysqli
Warning on line 49 in file /home/ubuntu/workspace/12F_PhpProject_Miguel_prettyurls/model/db.class.singleton.php
 | 13.03.2016 11:55:11  |  User:   | products | response 200
ERROR: [2] mysqli::mysqli(): (HY000/1045): Access denied for user 'root'@'localhost' (using password: YES)
Warning on line 44 in file /home/ubuntu/workspace/12F_PhpProject_Miguel_prettyurls/model/db.class.singleton.php
 | 13.03.2016 12:01:16  |  User:   | products | response 200
ERROR: [2] mysqli::select_db(): Couldn't fetch mysqli
Warning on line 45 in file /home/ubuntu/workspace/12F_PhpProject_Miguel_prettyurls/model/db.class.singleton.php
 | 13.03.2016 12:01:16  |  User:   | products | response 200
ERROR: [2] mysqli::query(): Couldn't fetch mysqli
Warning on line 49 in file /home/ubuntu/workspace/12F_PhpProject_Miguel_prettyurls/model/db.class.singleton.php
 | 13.03.2016 12:01:16  |  User:   | products | response 200
ERROR: [2] mysqli::mysqli(): (HY000/1045): Access denied for user 'root'@'localhost' (using password: YES)
Warning on line 44 in file /home/ubuntu/workspace/12F_PhpProject_Miguel_prettyurls/model/db.class.singleton.php
 | 13.03.2016 12:01:16  |  User:   | products | response 200
ERROR: [2] mysqli::select_db(): Couldn't fetch mysqli
Warning on line 45 in file /home/ubuntu/workspace/12F_PhpProject_Miguel_prettyurls/model/db.class.singleton.php
 | 13.03.2016 12:01:16  |  User:   | products | response 200
ERROR: [2] mysqli::query(): Couldn't fetch mysqli
Warning on line 49 in file /home/ubuntu/workspace/12F_PhpProject_Miguel_prettyurls/model/db.class.singleton.php
 | 13.03.2016 12:01:16  |  User:   | products | response 200
ERROR: [2] mysqli::mysqli(): (HY000/1045): Access denied for user 'root'@'localhost' (using password: YES)
Warning on line 44 in file /home/ubuntu/workspace/12F_PhpProject_Miguel_prettyurls/model/db.class.singleton.php
 | 13.03.2016 12:01:27  |  User:   | products | response 200
ERROR: [2] mysqli::select_db(): Couldn't fetch mysqli
Warning on line 45 in file /home/ubuntu/workspace/12F_PhpProject_Miguel_prettyurls/model/db.class.singleton.php
 | 13.03.2016 12:01:27  |  User:   | products | response 200
ERROR: [2] mysqli::query(): Couldn't fetch mysqli
Warning on line 49 in file /home/ubuntu/workspace/12F_PhpProject_Miguel_prettyurls/model/db.class.singleton.php
 | 13.03.2016 12:01:27  |  User:   | products | response 200
ERROR: [2] mysqli::mysqli(): (HY000/1045): Access denied for user 'root'@'localhost' (using password: YES)
Warning on line 44 in file /home/ubuntu/workspace/12F_PhpProject_Miguel_prettyurls/model/db.class.singleton.php
 | 13.03.2016 12:01:27  |  User:   | products | response 200
ERROR: [2] mysqli::select_db(): Couldn't fetch mysqli
Warning on line 45 in file /home/ubuntu/workspace/12F_PhpProject_Miguel_prettyurls/model/db.class.singleton.php
 | 13.03.2016 12:01:27  |  User:   | products | response 200
ERROR: [2] mysqli::query(): Couldn't fetch mysqli
Warning on line 49 in file /home/ubuntu/workspace/12F_PhpProject_Miguel_prettyurls/model/db.class.singleton.php
 | 13.03.2016 12:01:27  |  User:   | products | response 200
ERROR - 404 NO DATA | 13.03.2016 03:48:33  |  User:   |  | response 200
error paint_template_search | 13.03.2016 03:48:34  |  User:   | products | response 200
error loadView general | 15.11.2016 05:01:12  |  User:   | products | response 400
ERROR - 404 NO DATA | 13.09.2017 10:20:54  |  User:   |  | response 200
error paint_template_search | 13.09.2017 10:20:55  |  User:   | products | response 200
ERROR - 404 NO DATA | 13.09.2017 10:21:05  |  User:   |  | response 200
error paint_template_search | 13.09.2017 10:21:05  |  User:   | products | response 200
error paint_template_error | 13.09.2017 10:21:11  |  User:   | products | response200
